0 info it worked if it ends with ok
1 verbose cli [ '/usr/bin/nodejs', '/usr/bin/npm', 'install', 'node' ]
2 info using npm@3.5.2
3 info using node@v4.2.6
4 silly loadCurrentTree Starting
5 silly install loadCurrentTree
6 silly install readLocalPackageData
7 silly fetchPackageMetaData node
8 silly fetchNamedPackageData node
9 silly mapToRegistry name node
10 silly mapToRegistry using default registry
11 silly mapToRegistry registry https://registry.npmjs.org/
12 silly mapToRegistry uri https://registry.npmjs.org/node
13 verbose request uri https://registry.npmjs.org/node
14 verbose request no auth needed
15 info attempt registry request try #1 at 10:08:18 PM
16 verbose request id c335809c7d39244d
17 http request GET https://registry.npmjs.org/node
18 http 200 https://registry.npmjs.org/node
19 verbose headers { date: 'Sat, 04 Aug 2018 05:08:19 GMT',
19 verbose headers   'content-type': 'application/json; charset=UTF-8',
19 verbose headers   'transfer-encoding': 'chunked',
19 verbose headers   connection: 'keep-alive',
19 verbose headers   'set-cookie': [ '__cfduid=d80246135db29e7d50fac8cf6f062e2941533359298; expires=Sun, 04-Aug-19 05:08:18 GMT; path=/; domain=.registry.npmjs.org; HttpOnly' ],
19 verbose headers   'cache-control': 'max-age=300',
19 verbose headers   'cf-cache-status': 'HIT',
19 verbose headers   'cf-ray': '444e8162b9c24af7-GRU',
19 verbose headers   etag: 'W/"fcc440f0f9223908d781326929bc757f"',
19 verbose headers   'expect-ct': 'max-age=604800, report-uri="https://report-uri.cloudflare.com/cdn-cgi/beacon/expect-ct"',
19 verbose headers   'last-modified': 'Thu, 02 Aug 2018 03:42:35 GMT',
19 verbose headers   vary: 'accept-encoding, accept',
19 verbose headers   server: 'cloudflare',
19 verbose headers   'content-encoding': 'gzip' }
20 silly get cb [ 200,
20 silly get   { date: 'Sat, 04 Aug 2018 05:08:19 GMT',
20 silly get     'content-type': 'application/json; charset=UTF-8',
20 silly get     'transfer-encoding': 'chunked',
20 silly get     connection: 'keep-alive',
20 silly get     'set-cookie': [ '__cfduid=d80246135db29e7d50fac8cf6f062e2941533359298; expires=Sun, 04-Aug-19 05:08:18 GMT; path=/; domain=.registry.npmjs.org; HttpOnly' ],
20 silly get     'cache-control': 'max-age=300',
20 silly get     'cf-cache-status': 'HIT',
20 silly get     'cf-ray': '444e8162b9c24af7-GRU',
20 silly get     etag: 'W/"fcc440f0f9223908d781326929bc757f"',
20 silly get     'expect-ct': 'max-age=604800, report-uri="https://report-uri.cloudflare.com/cdn-cgi/beacon/expect-ct"',
20 silly get     'last-modified': 'Thu, 02 Aug 2018 03:42:35 GMT',
20 silly get     vary: 'accept-encoding, accept',
20 silly get     server: 'cloudflare',
20 silly get     'content-encoding': 'gzip' } ]
21 verbose get saving node to /home/fredd/.npm/registry.npmjs.org/node/.cache.json
22 silly install normalizeTree
23 silly loadCurrentTree Finishing
24 silly loadIdealTree Starting
25 silly install loadIdealTree
26 silly cloneCurrentTree Starting
27 silly install cloneCurrentTreeToIdealTree
28 silly cloneCurrentTree Finishing
29 silly loadShrinkwrap Starting
30 silly install loadShrinkwrap
31 silly loadShrinkwrap Finishing
32 silly loadAllDepsIntoIdealTree Starting
33 silly install loadAllDepsIntoIdealTree
34 silly resolveWithNewModule node@10.8.0 checking installable status
35 silly cache add args [ 'node', null ]
36 verbose cache add spec node
37 silly cache add parsed spec Result {
37 silly cache add   raw: 'node',
37 silly cache add   scope: null,
37 silly cache add   name: 'node',
37 silly cache add   rawSpec: '',
37 silly cache add   spec: 'latest',
37 silly cache add   type: 'tag' }
38 silly addNamed node@latest
39 verbose addNamed "latest" is being treated as a dist-tag for node
40 info addNameTag [ 'node', 'latest' ]
41 silly mapToRegistry name node
42 silly mapToRegistry using default registry
43 silly mapToRegistry registry https://registry.npmjs.org/
44 silly mapToRegistry uri https://registry.npmjs.org/node
45 verbose addNameTag registry:https://registry.npmjs.org/node not in flight; fetching
46 verbose get https://registry.npmjs.org/node not expired, no request
47 silly addNameTag next cb for node with tag latest
48 silly addNamed node@10.8.0
49 verbose addNamed "10.8.0" is a plain semver version for node
50 silly mapToRegistry name node
51 silly mapToRegistry using default registry
52 silly mapToRegistry registry https://registry.npmjs.org/
53 silly mapToRegistry uri https://registry.npmjs.org/node
54 verbose addRemoteTarball https://registry.npmjs.org/node/-/node-10.8.0.tgz not in flight; adding
55 verbose addRemoteTarball [ 'https://registry.npmjs.org/node/-/node-10.8.0.tgz',
55 verbose addRemoteTarball   '493a6bba247bedbdd8143b988cb80044f94d1f79' ]
56 info retry fetch attempt 1 at 10:08:19 PM
57 info attempt registry request try #1 at 10:08:19 PM
58 http fetch GET https://registry.npmjs.org/node/-/node-10.8.0.tgz
59 http fetch 200 https://registry.npmjs.org/node/-/node-10.8.0.tgz
60 silly fetchAndShaCheck shasum 493a6bba247bedbdd8143b988cb80044f94d1f79
61 verbose addTmpTarball /tmp/npm-24894-56bd5726/registry.npmjs.org/node/-/node-10.8.0.tgz not in flight; adding
62 verbose addTmpTarball already have metadata; skipping unpack for node@10.8.0
63 silly cache afterAdd node@10.8.0
64 verbose afterAdd /home/fredd/.npm/node/10.8.0/package/package.json not in flight; writing
65 verbose afterAdd /home/fredd/.npm/node/10.8.0/package/package.json written
66 silly fetchNamedPackageData node-bin-setup
67 silly mapToRegistry name node-bin-setup
68 silly mapToRegistry using default registry
69 silly mapToRegistry registry https://registry.npmjs.org/
70 silly mapToRegistry uri https://registry.npmjs.org/node-bin-setup
71 verbose request uri https://registry.npmjs.org/node-bin-setup
72 verbose request no auth needed
73 info attempt registry request try #1 at 10:08:19 PM
74 http request GET https://registry.npmjs.org/node-bin-setup
75 http 200 https://registry.npmjs.org/node-bin-setup
76 verbose headers { date: 'Sat, 04 Aug 2018 05:08:19 GMT',
76 verbose headers   'content-type': 'application/json; charset=UTF-8',
76 verbose headers   'transfer-encoding': 'chunked',
76 verbose headers   connection: 'keep-alive',
76 verbose headers   'set-cookie': [ '__cfduid=d6be502d0f202a14ddabf2981c165c0821533359299; expires=Sun, 04-Aug-19 05:08:19 GMT; path=/; domain=.registry.npmjs.org; HttpOnly' ],
76 verbose headers   'cache-control': 'max-age=300',
76 verbose headers   'cf-cache-status': 'HIT',
76 verbose headers   'cf-ray': '444e81681a68815c-GRU',
76 verbose headers   etag: 'W/"696d6ec470fda56a33885508a280edab"',
76 verbose headers   'expect-ct': 'max-age=604800, report-uri="https://report-uri.cloudflare.com/cdn-cgi/beacon/expect-ct"',
76 verbose headers   'last-modified': 'Sun, 27 May 2018 09:55:03 GMT',
76 verbose headers   vary: 'accept-encoding, accept',
76 verbose headers   server: 'cloudflare',
76 verbose headers   'content-encoding': 'gzip' }
77 silly get cb [ 200,
77 silly get   { date: 'Sat, 04 Aug 2018 05:08:19 GMT',
77 silly get     'content-type': 'application/json; charset=UTF-8',
77 silly get     'transfer-encoding': 'chunked',
77 silly get     connection: 'keep-alive',
77 silly get     'set-cookie': [ '__cfduid=d6be502d0f202a14ddabf2981c165c0821533359299; expires=Sun, 04-Aug-19 05:08:19 GMT; path=/; domain=.registry.npmjs.org; HttpOnly' ],
77 silly get     'cache-control': 'max-age=300',
77 silly get     'cf-cache-status': 'HIT',
77 silly get     'cf-ray': '444e81681a68815c-GRU',
77 silly get     etag: 'W/"696d6ec470fda56a33885508a280edab"',
77 silly get     'expect-ct': 'max-age=604800, report-uri="https://report-uri.cloudflare.com/cdn-cgi/beacon/expect-ct"',
77 silly get     'last-modified': 'Sun, 27 May 2018 09:55:03 GMT',
77 silly get     vary: 'accept-encoding, accept',
77 silly get     server: 'cloudflare',
77 silly get     'content-encoding': 'gzip' } ]
78 verbose get saving node-bin-setup to /home/fredd/.npm/registry.npmjs.org/node-bin-setup/.cache.json
79 silly resolveWithNewModule node-bin-setup@1.0.6 checking installable status
80 silly cache add args [ 'node-bin-setup@^1.0.0', null ]
81 verbose cache add spec node-bin-setup@^1.0.0
82 silly cache add parsed spec Result {
82 silly cache add   raw: 'node-bin-setup@^1.0.0',
82 silly cache add   scope: null,
82 silly cache add   name: 'node-bin-setup',
82 silly cache add   rawSpec: '^1.0.0',
82 silly cache add   spec: '>=1.0.0 <2.0.0',
82 silly cache add   type: 'range' }
83 silly addNamed node-bin-setup@>=1.0.0 <2.0.0
84 verbose addNamed ">=1.0.0 <2.0.0" is a valid semver range for node-bin-setup
85 silly addNameRange { name: 'node-bin-setup',
85 silly addNameRange   range: '>=1.0.0 <2.0.0',
85 silly addNameRange   hasData: false }
86 silly mapToRegistry name node-bin-setup
87 silly mapToRegistry using default registry
88 silly mapToRegistry registry https://registry.npmjs.org/
89 silly mapToRegistry uri https://registry.npmjs.org/node-bin-setup
90 verbose addNameRange registry:https://registry.npmjs.org/node-bin-setup not in flight; fetching
91 verbose get https://registry.npmjs.org/node-bin-setup not expired, no request
92 silly addNameRange number 2 { name: 'node-bin-setup',
92 silly addNameRange   range: '>=1.0.0 <2.0.0',
92 silly addNameRange   hasData: true }
93 silly addNameRange versions [ 'node-bin-setup',
93 silly addNameRange   [ '1.0.0', '1.0.1', '1.0.2', '1.0.3', '1.0.4', '1.0.6' ] ]
94 silly addNamed node-bin-setup@1.0.6
95 verbose addNamed "1.0.6" is a plain semver version for node-bin-setup
96 silly mapToRegistry name node-bin-setup
97 silly mapToRegistry using default registry
98 silly mapToRegistry registry https://registry.npmjs.org/
99 silly mapToRegistry uri https://registry.npmjs.org/node-bin-setup
100 verbose addRemoteTarball https://registry.npmjs.org/node-bin-setup/-/node-bin-setup-1.0.6.tgz not in flight; adding
101 verbose addRemoteTarball [ 'https://registry.npmjs.org/node-bin-setup/-/node-bin-setup-1.0.6.tgz',
101 verbose addRemoteTarball   '4b5c9bb937ece702d7069b36ca78af4684677528' ]
102 info retry fetch attempt 1 at 10:08:19 PM
103 info attempt registry request try #1 at 10:08:19 PM
104 http fetch GET https://registry.npmjs.org/node-bin-setup/-/node-bin-setup-1.0.6.tgz
105 http fetch 200 https://registry.npmjs.org/node-bin-setup/-/node-bin-setup-1.0.6.tgz
106 silly fetchAndShaCheck shasum 4b5c9bb937ece702d7069b36ca78af4684677528
107 verbose addTmpTarball /tmp/npm-24894-56bd5726/registry.npmjs.org/node-bin-setup/-/node-bin-setup-1.0.6.tgz not in flight; adding
108 verbose addTmpTarball already have metadata; skipping unpack for node-bin-setup@1.0.6
109 silly cache afterAdd node-bin-setup@1.0.6
110 verbose afterAdd /home/fredd/.npm/node-bin-setup/1.0.6/package/package.json not in flight; writing
111 verbose afterAdd /home/fredd/.npm/node-bin-setup/1.0.6/package/package.json written
112 silly loadAllDepsIntoIdealTree Finishing
113 silly idealTree:prePrune simpl-showcase@1.0.0
113 silly idealTree:prePrune ├── accepts@1.3.5
113 silly idealTree:prePrune ├── array-flatten@1.1.1
113 silly idealTree:prePrune ├── babel-runtime@6.26.0
113 silly idealTree:prePrune ├── big-number@0.3.1
113 silly idealTree:prePrune ├── bl@1.2.2
113 silly idealTree:prePrune ├── body-parser@1.18.3
113 silly idealTree:prePrune ├── bytes@3.0.0
113 silly idealTree:prePrune ├── content-disposition@0.5.2
113 silly idealTree:prePrune ├── content-type@1.0.4
113 silly idealTree:prePrune ├── cookie-signature@1.0.6
113 silly idealTree:prePrune ├── cookie@0.3.1
113 silly idealTree:prePrune ├── core-js@2.5.7
113 silly idealTree:prePrune ├── core-util-is@1.0.2
113 silly idealTree:prePrune ├── debug@2.6.9
113 silly idealTree:prePrune ├── depd@1.1.2
113 silly idealTree:prePrune ├── destroy@1.0.4
113 silly idealTree:prePrune ├── ee-first@1.1.1
113 silly idealTree:prePrune ├── encodeurl@1.0.2
113 silly idealTree:prePrune ├── escape-html@1.0.3
113 silly idealTree:prePrune ├── etag@1.8.1
113 silly idealTree:prePrune ├─┬ express@4.16.3
113 silly idealTree:prePrune │ ├── body-parser@1.18.2
113 silly idealTree:prePrune │ ├── iconv-lite@0.4.19
113 silly idealTree:prePrune │ ├── qs@6.5.1
113 silly idealTree:prePrune │ ├─┬ raw-body@2.3.2
113 silly idealTree:prePrune │ │ ├── depd@1.1.1
113 silly idealTree:prePrune │ │ ├── http-errors@1.6.2
113 silly idealTree:prePrune │ │ └── setprototypeof@1.0.3
113 silly idealTree:prePrune │ ├── safe-buffer@5.1.1
113 silly idealTree:prePrune │ └── statuses@1.4.0
113 silly idealTree:prePrune ├─┬ finalhandler@1.1.1
113 silly idealTree:prePrune │ └── statuses@1.4.0
113 silly idealTree:prePrune ├── forwarded@0.1.2
113 silly idealTree:prePrune ├── fresh@0.5.2
113 silly idealTree:prePrune ├── generic-pool@3.4.2
113 silly idealTree:prePrune ├── http-errors@1.6.3
113 silly idealTree:prePrune ├── iconv-lite@0.4.23
113 silly idealTree:prePrune ├── inherits@2.0.3
113 silly idealTree:prePrune ├── ipaddr.js@1.8.0
113 silly idealTree:prePrune ├── isarray@1.0.0
113 silly idealTree:prePrune ├── media-typer@0.3.0
113 silly idealTree:prePrune ├── merge-descriptors@1.0.1
113 silly idealTree:prePrune ├── methods@1.1.2
113 silly idealTree:prePrune ├── mime-db@1.35.0
113 silly idealTree:prePrune ├── mime-types@2.1.19
113 silly idealTree:prePrune ├── mime@1.4.1
113 silly idealTree:prePrune ├── ms@2.0.0
113 silly idealTree:prePrune ├── mssql@4.1.0
113 silly idealTree:prePrune ├── native-duplexpair@1.0.0
113 silly idealTree:prePrune ├── negotiator@0.6.1
113 silly idealTree:prePrune ├── node-bin-setup@1.0.6
113 silly idealTree:prePrune ├── node@10.8.0
113 silly idealTree:prePrune ├── on-finished@2.3.0
113 silly idealTree:prePrune ├── parseurl@1.3.2
113 silly idealTree:prePrune ├── path-to-regexp@0.1.7
113 silly idealTree:prePrune ├── process-nextick-args@2.0.0
113 silly idealTree:prePrune ├── proxy-addr@2.0.4
113 silly idealTree:prePrune ├── punycode@2.1.1
113 silly idealTree:prePrune ├── qs@6.5.2
113 silly idealTree:prePrune ├── range-parser@1.2.0
113 silly idealTree:prePrune ├── raw-body@2.3.3
113 silly idealTree:prePrune ├── readable-stream@2.3.6
113 silly idealTree:prePrune ├── regenerator-runtime@0.11.1
113 silly idealTree:prePrune ├── safe-buffer@5.1.2
113 silly idealTree:prePrune ├── safer-buffer@2.1.2
113 silly idealTree:prePrune ├─┬ send@0.16.2
113 silly idealTree:prePrune │ └── statuses@1.4.0
113 silly idealTree:prePrune ├── serve-static@1.13.2
113 silly idealTree:prePrune ├── setprototypeof@1.1.0
113 silly idealTree:prePrune ├── sprintf-js@1.1.1
113 silly idealTree:prePrune ├── statuses@1.5.0
113 silly idealTree:prePrune ├── string_decoder@1.1.1
113 silly idealTree:prePrune ├── tedious@2.6.4
113 silly idealTree:prePrune ├── type-is@1.6.16
113 silly idealTree:prePrune ├── unpipe@1.0.0
113 silly idealTree:prePrune ├── util-deprecate@1.0.2
113 silly idealTree:prePrune ├── utils-merge@1.0.1
113 silly idealTree:prePrune └── vary@1.1.2
114 silly loadIdealTree Finishing
115 silly currentTree simpl-showcase@1.0.0
115 silly currentTree ├── accepts@1.3.5
115 silly currentTree ├── array-flatten@1.1.1
115 silly currentTree ├── babel-runtime@6.26.0
115 silly currentTree ├── big-number@0.3.1
115 silly currentTree ├── bl@1.2.2
115 silly currentTree ├── body-parser@1.18.3
115 silly currentTree ├── bytes@3.0.0
115 silly currentTree ├── content-disposition@0.5.2
115 silly currentTree ├── content-type@1.0.4
115 silly currentTree ├── cookie-signature@1.0.6
115 silly currentTree ├── cookie@0.3.1
115 silly currentTree ├── core-js@2.5.7
115 silly currentTree ├── core-util-is@1.0.2
115 silly currentTree ├── debug@2.6.9
115 silly currentTree ├── depd@1.1.2
115 silly currentTree ├── destroy@1.0.4
115 silly currentTree ├── ee-first@1.1.1
115 silly currentTree ├── encodeurl@1.0.2
115 silly currentTree ├── escape-html@1.0.3
115 silly currentTree ├── etag@1.8.1
115 silly currentTree ├─┬ express@4.16.3
115 silly currentTree │ ├── body-parser@1.18.2
115 silly currentTree │ ├── iconv-lite@0.4.19
115 silly currentTree │ ├── qs@6.5.1
115 silly currentTree │ ├─┬ raw-body@2.3.2
115 silly currentTree │ │ ├── depd@1.1.1
115 silly currentTree │ │ ├── http-errors@1.6.2
115 silly currentTree │ │ └── setprototypeof@1.0.3
115 silly currentTree │ ├── safe-buffer@5.1.1
115 silly currentTree │ └── statuses@1.4.0
115 silly currentTree ├─┬ finalhandler@1.1.1
115 silly currentTree │ └── statuses@1.4.0
115 silly currentTree ├── forwarded@0.1.2
115 silly currentTree ├── fresh@0.5.2
115 silly currentTree ├── generic-pool@3.4.2
115 silly currentTree ├── http-errors@1.6.3
115 silly currentTree ├── iconv-lite@0.4.23
115 silly currentTree ├── inherits@2.0.3
115 silly currentTree ├── ipaddr.js@1.8.0
115 silly currentTree ├── isarray@1.0.0
115 silly currentTree ├── media-typer@0.3.0
115 silly currentTree ├── merge-descriptors@1.0.1
115 silly currentTree ├── methods@1.1.2
115 silly currentTree ├── mime-db@1.35.0
115 silly currentTree ├── mime-types@2.1.19
115 silly currentTree ├── mime@1.4.1
115 silly currentTree ├── ms@2.0.0
115 silly currentTree ├── mssql@4.1.0
115 silly currentTree ├── native-duplexpair@1.0.0
115 silly currentTree ├── negotiator@0.6.1
115 silly currentTree ├── on-finished@2.3.0
115 silly currentTree ├── parseurl@1.3.2
115 silly currentTree ├── path-to-regexp@0.1.7
115 silly currentTree ├── process-nextick-args@2.0.0
115 silly currentTree ├── proxy-addr@2.0.4
115 silly currentTree ├── punycode@2.1.1
115 silly currentTree ├── qs@6.5.2
115 silly currentTree ├── range-parser@1.2.0
115 silly currentTree ├── raw-body@2.3.3
115 silly currentTree ├── readable-stream@2.3.6
115 silly currentTree ├── regenerator-runtime@0.11.1
115 silly currentTree ├── safe-buffer@5.1.2
115 silly currentTree ├── safer-buffer@2.1.2
115 silly currentTree ├─┬ send@0.16.2
115 silly currentTree │ └── statuses@1.4.0
115 silly currentTree ├── serve-static@1.13.2
115 silly currentTree ├── setprototypeof@1.1.0
115 silly currentTree ├── sprintf-js@1.1.1
115 silly currentTree ├── statuses@1.5.0
115 silly currentTree ├── string_decoder@1.1.1
115 silly currentTree ├── tedious@2.6.4
115 silly currentTree ├── type-is@1.6.16
115 silly currentTree ├── unpipe@1.0.0
115 silly currentTree ├── util-deprecate@1.0.2
115 silly currentTree ├── utils-merge@1.0.1
115 silly currentTree └── vary@1.1.2
116 silly idealTree simpl-showcase@1.0.0
116 silly idealTree ├── accepts@1.3.5
116 silly idealTree ├── array-flatten@1.1.1
116 silly idealTree ├── babel-runtime@6.26.0
116 silly idealTree ├── big-number@0.3.1
116 silly idealTree ├── bl@1.2.2
116 silly idealTree ├── body-parser@1.18.3
116 silly idealTree ├── bytes@3.0.0
116 silly idealTree ├── content-disposition@0.5.2
116 silly idealTree ├── content-type@1.0.4
116 silly idealTree ├── cookie-signature@1.0.6
116 silly idealTree ├── cookie@0.3.1
116 silly idealTree ├── core-js@2.5.7
116 silly idealTree ├── core-util-is@1.0.2
116 silly idealTree ├── debug@2.6.9
116 silly idealTree ├── depd@1.1.2
116 silly idealTree ├── destroy@1.0.4
116 silly idealTree ├── ee-first@1.1.1
116 silly idealTree ├── encodeurl@1.0.2
116 silly idealTree ├── escape-html@1.0.3
116 silly idealTree ├── etag@1.8.1
116 silly idealTree ├─┬ express@4.16.3
116 silly idealTree │ ├── body-parser@1.18.2
116 silly idealTree │ ├── iconv-lite@0.4.19
116 silly idealTree │ ├── qs@6.5.1
116 silly idealTree │ ├─┬ raw-body@2.3.2
116 silly idealTree │ │ ├── depd@1.1.1
116 silly idealTree │ │ ├── http-errors@1.6.2
116 silly idealTree │ │ └── setprototypeof@1.0.3
116 silly idealTree │ ├── safe-buffer@5.1.1
116 silly idealTree │ └── statuses@1.4.0
116 silly idealTree ├─┬ finalhandler@1.1.1
116 silly idealTree │ └── statuses@1.4.0
116 silly idealTree ├── forwarded@0.1.2
116 silly idealTree ├── fresh@0.5.2
116 silly idealTree ├── generic-pool@3.4.2
116 silly idealTree ├── http-errors@1.6.3
116 silly idealTree ├── iconv-lite@0.4.23
116 silly idealTree ├── inherits@2.0.3
116 silly idealTree ├── ipaddr.js@1.8.0
116 silly idealTree ├── isarray@1.0.0
116 silly idealTree ├── media-typer@0.3.0
116 silly idealTree ├── merge-descriptors@1.0.1
116 silly idealTree ├── methods@1.1.2
116 silly idealTree ├── mime-db@1.35.0
116 silly idealTree ├── mime-types@2.1.19
116 silly idealTree ├── mime@1.4.1
116 silly idealTree ├── ms@2.0.0
116 silly idealTree ├── mssql@4.1.0
116 silly idealTree ├── native-duplexpair@1.0.0
116 silly idealTree ├── negotiator@0.6.1
116 silly idealTree ├── node-bin-setup@1.0.6
116 silly idealTree ├── node@10.8.0
116 silly idealTree ├── on-finished@2.3.0
116 silly idealTree ├── parseurl@1.3.2
116 silly idealTree ├── path-to-regexp@0.1.7
116 silly idealTree ├── process-nextick-args@2.0.0
116 silly idealTree ├── proxy-addr@2.0.4
116 silly idealTree ├── punycode@2.1.1
116 silly idealTree ├── qs@6.5.2
116 silly idealTree ├── range-parser@1.2.0
116 silly idealTree ├── raw-body@2.3.3
116 silly idealTree ├── readable-stream@2.3.6
116 silly idealTree ├── regenerator-runtime@0.11.1
116 silly idealTree ├── safe-buffer@5.1.2
116 silly idealTree ├── safer-buffer@2.1.2
116 silly idealTree ├─┬ send@0.16.2
116 silly idealTree │ └── statuses@1.4.0
116 silly idealTree ├── serve-static@1.13.2
116 silly idealTree ├── setprototypeof@1.1.0
116 silly idealTree ├── sprintf-js@1.1.1
116 silly idealTree ├── statuses@1.5.0
116 silly idealTree ├── string_decoder@1.1.1
116 silly idealTree ├── tedious@2.6.4
116 silly idealTree ├── type-is@1.6.16
116 silly idealTree ├── unpipe@1.0.0
116 silly idealTree ├── util-deprecate@1.0.2
116 silly idealTree ├── utils-merge@1.0.1
116 silly idealTree └── vary@1.1.2
117 silly generateActionsToTake Starting
118 silly install generateActionsToTake
119 silly generateActionsToTake Finishing
120 silly diffTrees action count 2
121 silly diffTrees add node-bin-setup@1.0.6
122 silly diffTrees add node@10.8.0
123 silly decomposeActions action count 16
124 silly decomposeActions fetch node-bin-setup@1.0.6
125 silly decomposeActions extract node-bin-setup@1.0.6
126 silly decomposeActions test node-bin-setup@1.0.6
127 silly decomposeActions preinstall node-bin-setup@1.0.6
128 silly decomposeActions build node-bin-setup@1.0.6
129 silly decomposeActions install node-bin-setup@1.0.6
130 silly decomposeActions postinstall node-bin-setup@1.0.6
131 silly decomposeActions finalize node-bin-setup@1.0.6
132 silly decomposeActions fetch node@10.8.0
133 silly decomposeActions extract node@10.8.0
134 silly decomposeActions test node@10.8.0
135 silly decomposeActions preinstall node@10.8.0
136 silly decomposeActions build node@10.8.0
137 silly decomposeActions install node@10.8.0
138 silly decomposeActions postinstall node@10.8.0
139 silly decomposeActions finalize node@10.8.0
140 silly executeActions Starting
141 silly install executeActions
142 silly doSerial global-install 0
143 silly doParallel fetch 2
144 verbose lock using /home/fredd/.npm/_locks/staging-8079606c850ca678.lock for /home/fredd/projects/mean/showcase/backend/node_modules/.staging
145 silly doParallel extract 2
146 silly extract node-bin-setup@1.0.6
147 silly extract node@10.8.0
148 verbose unbuild node_modules/.staging/node-bin-setup-6f6dd33d
149 verbose unbuild node_modules/.staging/node-03b1c807
150 silly gentlyRm /home/fredd/projects/mean/showcase/backend/node_modules/.staging/node-bin-setup-6f6dd33d is being purged from base /home/fredd/projects/mean/showcase/backend
151 verbose gentlyRm don't care about contents; nuking /home/fredd/projects/mean/showcase/backend/node_modules/.staging/node-bin-setup-6f6dd33d
152 verbose tar unpack /home/fredd/.npm/node-bin-setup/1.0.6/package.tgz
153 verbose tar unpacking to /home/fredd/projects/mean/showcase/backend/node_modules/.staging/node-bin-setup-6f6dd33d
154 silly gentlyRm /home/fredd/projects/mean/showcase/backend/node_modules/.staging/node-bin-setup-6f6dd33d is being purged
155 verbose gentlyRm don't care about contents; nuking /home/fredd/projects/mean/showcase/backend/node_modules/.staging/node-bin-setup-6f6dd33d
156 silly gentlyRm /home/fredd/projects/mean/showcase/backend/node_modules/.staging/node-03b1c807 is being purged from base /home/fredd/projects/mean/showcase/backend
157 verbose gentlyRm don't care about contents; nuking /home/fredd/projects/mean/showcase/backend/node_modules/.staging/node-03b1c807
158 silly gunzTarPerm modes [ '755', '644' ]
159 verbose tar unpack /home/fredd/.npm/node/10.8.0/package.tgz
160 verbose tar unpacking to /home/fredd/projects/mean/showcase/backend/node_modules/.staging/node-03b1c807
161 silly gentlyRm /home/fredd/projects/mean/showcase/backend/node_modules/.staging/node-03b1c807 is being purged
162 verbose gentlyRm don't care about contents; nuking /home/fredd/projects/mean/showcase/backend/node_modules/.staging/node-03b1c807
163 silly gunzTarPerm modes [ '755', '644' ]
164 silly gunzTarPerm extractEntry package.json
165 silly gunzTarPerm extractEntry package.json
166 silly gunzTarPerm extractEntry index.js
167 silly gunzTarPerm extractEntry installArchSpecificPackage.js
168 silly gunzTarPerm extractEntry README.md
169 silly gentlyRm /home/fredd/projects/mean/showcase/backend/node_modules/.staging/node-bin-setup-6f6dd33d/node_modules is being purged
170 verbose gentlyRm don't care about contents; nuking /home/fredd/projects/mean/showcase/backend/node_modules/.staging/node-bin-setup-6f6dd33d/node_modules
171 silly gentlyRm /home/fredd/projects/mean/showcase/backend/node_modules/.staging/node-03b1c807/node_modules is being purged
172 verbose gentlyRm don't care about contents; nuking /home/fredd/projects/mean/showcase/backend/node_modules/.staging/node-03b1c807/node_modules
173 silly doParallel preinstall 2
174 silly preinstall node-bin-setup@1.0.6 /home/fredd/projects/mean/showcase/backend/node_modules/.staging/node-bin-setup-6f6dd33d
175 info lifecycle node-bin-setup@1.0.6~preinstall: node-bin-setup@1.0.6
176 silly preinstall node@10.8.0 /home/fredd/projects/mean/showcase/backend/node_modules/.staging/node-03b1c807
177 info lifecycle node@10.8.0~preinstall: node@10.8.0
178 silly lifecycle node-bin-setup@1.0.6~preinstall: no script for preinstall, continuing
179 warn lifecycle node@10.8.0~preinstall: cannot run in wd %s %s (wd=%s) node@10.8.0 node installArchSpecificPackage /home/fredd/projects/mean/showcase/backend/node_modules/.staging/node-03b1c807
180 silly doReverseSerial remove 0
181 silly doSerial move 0
182 silly doSerial finalize 2
183 silly finalize /home/fredd/projects/mean/showcase/backend/node_modules/node-bin-setup
184 silly finalize /home/fredd/projects/mean/showcase/backend/node_modules/node
185 silly doSerial build 2
186 silly build node-bin-setup@1.0.6
187 info linkStuff node-bin-setup@1.0.6
188 silly linkStuff node-bin-setup@1.0.6 has /home/fredd/projects/mean/showcase/backend/node_modules as its parent node_modules
189 verbose linkBins node-bin-setup@1.0.6
190 verbose linkMans node-bin-setup@1.0.6
191 silly build node@10.8.0
192 info linkStuff node@10.8.0
193 silly linkStuff node@10.8.0 has /home/fredd/projects/mean/showcase/backend/node_modules as its parent node_modules
194 verbose linkBins node@10.8.0
195 verbose link bins [ { node: 'bin/node' },
195 verbose link bins   '/home/fredd/projects/mean/showcase/backend/node_modules/.bin',
195 verbose link bins   false ]
196 verbose linkMans node@10.8.0
197 verbose unlock done using /home/fredd/.npm/_locks/staging-8079606c850ca678.lock for /home/fredd/projects/mean/showcase/backend/node_modules/.staging
198 silly rollbackFailedOptional Starting
199 silly rollbackFailedOptional Finishing
200 silly runTopLevelLifecycles Starting
201 silly runTopLevelLifecycles Finishing
202 silly install printInstalled
203 verbose stack Error: ENOENT: no such file or directory, chmod '/home/fredd/projects/mean/showcase/backend/node_modules/node/bin/node'
203 verbose stack     at Error (native)
204 verbose cwd /home/fredd/projects/mean/showcase/backend
205 error Linux 4.15.0-29-generic
206 error argv "/usr/bin/nodejs" "/usr/bin/npm" "install" "node"
207 error node v4.2.6
208 error npm  v3.5.2
209 error path /home/fredd/projects/mean/showcase/backend/node_modules/node/bin/node
210 error code ENOENT
211 error errno -2
212 error syscall chmod
213 error enoent ENOENT: no such file or directory, chmod '/home/fredd/projects/mean/showcase/backend/node_modules/node/bin/node'
214 error enoent ENOENT: no such file or directory, chmod '/home/fredd/projects/mean/showcase/backend/node_modules/node/bin/node'
214 error enoent This is most likely not a problem with npm itself
214 error enoent and is related to npm not being able to find a file.
215 verbose exit [ -2, true ]
